[2024-06-27 09:41:06,729: INFO: main: welcolme to our custom log]
[2024-06-27 21:23:25,444: INFO: common: yaml file: config/config.yaml loaded successfully]
[2024-06-27 21:23:25,446: INFO: common: yaml file: params.yaml loaded successfully]
[2024-06-27 21:23:25,447: INFO: common: created directory at: artifacts]
[2024-06-27 21:23:25,449: INFO: common: created directory at: artifacts/data_ingestion]
[2024-06-27 21:23:25,449: INFO: 986331348: Downloading data from https://drive.google.com/file/d/1pHIOvfNPOHbuPT1VHv-5oJIQIBLRT1yq/view?usp=drive_link into file artifacts/data_ingestion/data.zip]
[2024-06-27 21:23:31,867: INFO: 986331348: Downloaded data from https://drive.google.com/file/d/1pHIOvfNPOHbuPT1VHv-5oJIQIBLRT1yq/view?usp=drive_link into file artifacts/data_ingestion/data.zip]
[2024-06-27 22:06:47,154: INFO: main: welcolme to our custom log]
[2024-06-27 22:08:33,729: INFO: main: >>>>>> stage Data Ingestion stage started <<<<<<]
[2024-06-27 22:08:33,729: ERROR: main: name 'DataIngestionTrainingPipeline' is not defined]
Traceback (most recent call last):
  File "/Users/bhikipallai/Desktop/Projects/kidney_Disease_Classification/main.py", line 8, in <module>
    data_ingestion = DataIngestionTrainingPipeline()
                     ^^^^^^^^^^^^^^^^^^^^^^^^^^^^^
NameError: name 'DataIngestionTrainingPipeline' is not defined. Did you mean: 'DataIngestionPipeline'?
[2024-06-27 22:08:54,283: INFO: main: >>>>>> stage Data Ingestion stage started <<<<<<]
[2024-06-27 22:08:54,284: ERROR: main: name 'DataIngestionTrainingPipeline' is not defined]
Traceback (most recent call last):
  File "/Users/bhikipallai/Desktop/Projects/kidney_Disease_Classification/main.py", line 8, in <module>
    data_ingestion = DataIngestionTrainingPipeline()
                     ^^^^^^^^^^^^^^^^^^^^^^^^^^^^^
NameError: name 'DataIngestionTrainingPipeline' is not defined. Did you mean: 'DataIngestionPipeline'?
[2024-06-27 22:10:56,802: INFO: main: >>>>>> stage Data Ingestion stage started <<<<<<]
[2024-06-27 22:10:56,804: INFO: common: yaml file: config/config.yaml loaded successfully]
[2024-06-27 22:10:56,804: INFO: common: yaml file: params.yaml loaded successfully]
[2024-06-27 22:10:56,804: INFO: common: created directory at: artifacts]
[2024-06-27 22:10:56,805: INFO: common: created directory at: artifacts/data_ingestion]
[2024-06-27 22:10:56,805: INFO: data_ingestion: Downloading data from https://drive.google.com/file/d/1pHIOvfNPOHbuPT1VHv-5oJIQIBLRT1yq/view?usp=drive_link into file artifacts/data_ingestion/data.zip]
[2024-06-27 22:11:03,293: INFO: data_ingestion: Downloaded data from https://drive.google.com/file/d/1pHIOvfNPOHbuPT1VHv-5oJIQIBLRT1yq/view?usp=drive_link into file artifacts/data_ingestion/data.zip]
[2024-06-27 22:11:03,617: INFO: main: >>>>>> stage Data Ingestion stage completed <<<<<<

x==========x]
[2024-06-27 23:26:54,009: INFO: common: yaml file: config/config.yaml loaded successfully]
[2024-06-27 23:26:54,012: INFO: common: yaml file: params.yaml loaded successfully]
[2024-06-27 23:26:54,014: INFO: common: created directory at: artifacts]
[2024-06-27 23:26:54,017: INFO: common: created directory at: artifacts/prepare_base_model]
[2024-06-27 23:27:01,257: WARNING: saving_api: You are saving your model as an HDF5 file via `model.save()` or `keras.saving.save_model(model)`. This file format is considered legacy. We recommend using instead the native Keras format, e.g. `model.save('my_model.keras')` or `keras.saving.save_model(model, 'my_model.keras')`. ]
[2024-06-27 23:27:01,332: WARNING: saving_api: You are saving your model as an HDF5 file via `model.save()` or `keras.saving.save_model(model)`. This file format is considered legacy. We recommend using instead the native Keras format, e.g. `model.save('my_model.keras')` or `keras.saving.save_model(model, 'my_model.keras')`. ]
[2024-06-27 23:44:52,508: INFO: main: >>>>>> stage Data Ingestion stage started <<<<<<]
[2024-06-27 23:44:52,509: INFO: common: yaml file: config/config.yaml loaded successfully]
[2024-06-27 23:44:52,510: INFO: common: yaml file: params.yaml loaded successfully]
[2024-06-27 23:44:52,510: INFO: common: created directory at: artifacts]
[2024-06-27 23:44:52,510: INFO: common: created directory at: artifacts/data_ingestion]
[2024-06-27 23:44:52,510: INFO: data_ingestion: Downloading data from https://drive.google.com/file/d/1pHIOvfNPOHbuPT1VHv-5oJIQIBLRT1yq/view?usp=drive_link into file artifacts/data_ingestion/data.zip]
[2024-06-27 23:44:59,035: INFO: data_ingestion: Downloaded data from https://drive.google.com/file/d/1pHIOvfNPOHbuPT1VHv-5oJIQIBLRT1yq/view?usp=drive_link into file artifacts/data_ingestion/data.zip]
[2024-06-27 23:44:59,387: INFO: main: >>>>>> stage Data Ingestion stage completed <<<<<<

x==========x]
[2024-06-27 23:44:59,387: INFO: main: *******************]
[2024-06-27 23:44:59,387: INFO: main: >>>>>> stage Prepare base model started <<<<<<]
[2024-06-27 23:44:59,388: INFO: common: yaml file: config/config.yaml loaded successfully]
[2024-06-27 23:44:59,389: INFO: common: yaml file: params.yaml loaded successfully]
[2024-06-27 23:44:59,389: INFO: common: created directory at: artifacts]
[2024-06-27 23:44:59,389: INFO: common: created directory at: artifacts/prepare_base_model]
[2024-06-27 23:44:59,667: WARNING: saving_api: You are saving your model as an HDF5 file via `model.save()` or `keras.saving.save_model(model)`. This file format is considered legacy. We recommend using instead the native Keras format, e.g. `model.save('my_model.keras')` or `keras.saving.save_model(model, 'my_model.keras')`. ]
[2024-06-27 23:44:59,723: WARNING: saving_api: You are saving your model as an HDF5 file via `model.save()` or `keras.saving.save_model(model)`. This file format is considered legacy. We recommend using instead the native Keras format, e.g. `model.save('my_model.keras')` or `keras.saving.save_model(model, 'my_model.keras')`. ]
[2024-06-27 23:44:59,763: INFO: main: >>>>>> stage Prepare base model completed <<<<<<

x==========x]
[2024-06-27 23:58:05,794: INFO: common: yaml file: config/config.yaml loaded successfully]
[2024-06-27 23:58:05,797: INFO: common: yaml file: params.yaml loaded successfully]
[2024-06-27 23:58:05,799: INFO: common: created directory at: artifacts]
[2024-06-27 23:58:05,800: INFO: common: created directory at: artifacts/training]
[2024-06-27 23:58:06,069: WARNING: saving_utils: Compiled the loaded model, but the compiled metrics have yet to be built. `model.compile_metrics` will be empty until you train or evaluate the model.]
[2024-06-27 23:59:07,510: INFO: common: yaml file: config/config.yaml loaded successfully]
[2024-06-27 23:59:07,514: INFO: common: yaml file: params.yaml loaded successfully]
[2024-06-27 23:59:07,543: INFO: common: created directory at: artifacts]
[2024-06-27 23:59:07,549: INFO: common: created directory at: artifacts/training]
[2024-06-27 23:59:07,698: WARNING: saving_utils: Compiled the loaded model, but the compiled metrics have yet to be built. `model.compile_metrics` will be empty until you train or evaluate the model.]
[2024-06-27 23:59:16,798: INFO: common: yaml file: config/config.yaml loaded successfully]
[2024-06-27 23:59:16,800: INFO: common: yaml file: params.yaml loaded successfully]
[2024-06-27 23:59:16,801: INFO: common: created directory at: artifacts]
[2024-06-27 23:59:16,802: INFO: common: created directory at: artifacts/training]
[2024-06-27 23:59:16,900: WARNING: saving_utils: Compiled the loaded model, but the compiled metrics have yet to be built. `model.compile_metrics` will be empty until you train or evaluate the model.]
[2024-06-28 00:03:31,760: INFO: common: yaml file: config/config.yaml loaded successfully]
[2024-06-28 00:03:31,762: INFO: common: yaml file: params.yaml loaded successfully]
[2024-06-28 00:03:31,763: INFO: common: created directory at: artifacts]
[2024-06-28 00:03:31,763: INFO: common: created directory at: artifacts/training]
[2024-06-28 00:03:31,939: WARNING: saving_utils: Compiled the loaded model, but the compiled metrics have yet to be built. `model.compile_metrics` will be empty until you train or evaluate the model.]
[2024-06-28 07:54:55,172: INFO: main: >>>>>> stage Data Ingestion stage started <<<<<<]
[2024-06-28 07:54:55,173: INFO: common: yaml file: config/config.yaml loaded successfully]
[2024-06-28 07:54:55,174: INFO: common: yaml file: params.yaml loaded successfully]
[2024-06-28 07:54:55,174: INFO: common: created directory at: artifacts]
[2024-06-28 07:54:55,174: INFO: common: created directory at: artifacts/data_ingestion]
[2024-06-28 07:54:55,174: INFO: data_ingestion: Downloading data from https://drive.google.com/file/d/1pHIOvfNPOHbuPT1VHv-5oJIQIBLRT1yq/view?usp=drive_link into file artifacts/data_ingestion/data.zip]
[2024-06-28 07:55:02,468: INFO: data_ingestion: Downloaded data from https://drive.google.com/file/d/1pHIOvfNPOHbuPT1VHv-5oJIQIBLRT1yq/view?usp=drive_link into file artifacts/data_ingestion/data.zip]
[2024-06-28 07:55:02,836: INFO: main: >>>>>> stage Data Ingestion stage completed <<<<<<

x==========x]
[2024-06-28 07:55:02,836: INFO: main: *******************]
[2024-06-28 07:55:02,836: INFO: main: >>>>>> stage Prepare base model started <<<<<<]
[2024-06-28 07:55:02,837: INFO: common: yaml file: config/config.yaml loaded successfully]
[2024-06-28 07:55:02,837: INFO: common: yaml file: params.yaml loaded successfully]
[2024-06-28 07:55:02,838: INFO: common: created directory at: artifacts]
[2024-06-28 07:55:02,838: INFO: common: created directory at: artifacts/prepare_base_model]
[2024-06-28 07:55:03,077: WARNING: saving_api: You are saving your model as an HDF5 file via `model.save()` or `keras.saving.save_model(model)`. This file format is considered legacy. We recommend using instead the native Keras format, e.g. `model.save('my_model.keras')` or `keras.saving.save_model(model, 'my_model.keras')`. ]
[2024-06-28 07:55:03,136: WARNING: saving_api: You are saving your model as an HDF5 file via `model.save()` or `keras.saving.save_model(model)`. This file format is considered legacy. We recommend using instead the native Keras format, e.g. `model.save('my_model.keras')` or `keras.saving.save_model(model, 'my_model.keras')`. ]
[2024-06-28 07:55:03,180: INFO: main: >>>>>> stage Prepare base model completed <<<<<<

x==========x]
[2024-06-28 07:55:09,031: INFO: common: yaml file: config/config.yaml loaded successfully]
[2024-06-28 07:55:09,038: INFO: common: yaml file: params.yaml loaded successfully]
[2024-06-28 07:55:09,040: INFO: common: created directory at: artifacts]
[2024-06-28 07:55:09,041: INFO: common: created directory at: artifacts/training]
[2024-06-28 07:55:09,158: WARNING: saving_utils: Compiled the loaded model, but the compiled metrics have yet to be built. `model.compile_metrics` will be empty until you train or evaluate the model.]
[2024-06-28 07:55:19,065: INFO: common: yaml file: config/config.yaml loaded successfully]
[2024-06-28 07:55:19,068: INFO: common: yaml file: params.yaml loaded successfully]
[2024-06-28 07:55:19,069: INFO: common: created directory at: artifacts]
[2024-06-28 07:55:19,070: INFO: common: created directory at: artifacts/training]
[2024-06-28 07:55:19,161: WARNING: saving_utils: Compiled the loaded model, but the compiled metrics have yet to be built. `model.compile_metrics` will be empty until you train or evaluate the model.]
[2024-06-28 07:55:41,551: INFO: common: yaml file: config/config.yaml loaded successfully]
[2024-06-28 07:55:41,554: INFO: common: yaml file: params.yaml loaded successfully]
[2024-06-28 07:55:41,554: INFO: common: created directory at: artifacts]
[2024-06-28 07:55:41,555: INFO: common: created directory at: artifacts/training]
[2024-06-28 07:55:41,665: WARNING: saving_utils: Compiled the loaded model, but the compiled metrics have yet to be built. `model.compile_metrics` will be empty until you train or evaluate the model.]
[2024-06-28 07:57:26,473: INFO: common: yaml file: config/config.yaml loaded successfully]
[2024-06-28 07:57:26,476: INFO: common: yaml file: params.yaml loaded successfully]
[2024-06-28 07:57:26,476: INFO: common: created directory at: artifacts]
[2024-06-28 07:57:26,479: INFO: common: created directory at: artifacts/training]
[2024-06-28 07:57:26,657: WARNING: saving_utils: Compiled the loaded model, but the compiled metrics have yet to be built. `model.compile_metrics` will be empty until you train or evaluate the model.]
[2024-06-28 07:57:54,133: INFO: common: yaml file: config/config.yaml loaded successfully]
[2024-06-28 07:57:54,135: INFO: common: yaml file: params.yaml loaded successfully]
[2024-06-28 07:57:54,135: INFO: common: created directory at: artifacts]
[2024-06-28 07:57:54,136: INFO: common: created directory at: artifacts/training]
[2024-06-28 07:57:54,263: WARNING: saving_utils: Compiled the loaded model, but the compiled metrics have yet to be built. `model.compile_metrics` will be empty until you train or evaluate the model.]
[2024-06-28 07:58:38,933: INFO: common: yaml file: config/config.yaml loaded successfully]
[2024-06-28 07:58:38,935: INFO: common: yaml file: params.yaml loaded successfully]
[2024-06-28 07:58:38,936: INFO: common: created directory at: artifacts]
[2024-06-28 07:58:38,937: INFO: common: created directory at: artifacts/training]
[2024-06-28 07:58:39,073: WARNING: saving_utils: Compiled the loaded model, but the compiled metrics have yet to be built. `model.compile_metrics` will be empty until you train or evaluate the model.]
[2024-06-28 07:58:56,452: INFO: common: yaml file: config/config.yaml loaded successfully]
[2024-06-28 07:58:56,455: INFO: common: yaml file: params.yaml loaded successfully]
[2024-06-28 07:58:56,456: INFO: common: created directory at: artifacts]
[2024-06-28 07:58:56,457: INFO: common: created directory at: artifacts/training]
[2024-06-28 07:58:56,576: WARNING: saving_utils: Compiled the loaded model, but the compiled metrics have yet to be built. `model.compile_metrics` will be empty until you train or evaluate the model.]
[2024-06-28 07:58:56,662: WARNING: saving_utils: Compiled the loaded model, but the compiled metrics have yet to be built. `model.compile_metrics` will be empty until you train or evaluate the model.]
[2024-06-28 08:00:24,461: INFO: common: yaml file: config/config.yaml loaded successfully]
[2024-06-28 08:00:24,463: INFO: common: yaml file: params.yaml loaded successfully]
[2024-06-28 08:00:24,464: INFO: common: created directory at: artifacts]
[2024-06-28 08:00:24,465: INFO: common: created directory at: artifacts/training]
[2024-06-28 08:00:24,647: WARNING: saving_utils: Compiled the loaded model, but the compiled metrics have yet to be built. `model.compile_metrics` will be empty until you train or evaluate the model.]
[2024-06-28 08:02:40,380: INFO: common: yaml file: config/config.yaml loaded successfully]
[2024-06-28 08:02:40,384: INFO: common: yaml file: params.yaml loaded successfully]
[2024-06-28 08:02:40,385: INFO: common: created directory at: artifacts]
[2024-06-28 08:02:40,386: INFO: common: created directory at: artifacts/training]
[2024-06-28 08:02:40,568: WARNING: saving_utils: Compiled the loaded model, but the compiled metrics have yet to be built. `model.compile_metrics` will be empty until you train or evaluate the model.]
[2024-06-28 08:05:59,748: INFO: common: yaml file: config/config.yaml loaded successfully]
[2024-06-28 08:05:59,751: INFO: common: yaml file: params.yaml loaded successfully]
[2024-06-28 08:05:59,752: INFO: common: created directory at: artifacts]
[2024-06-28 08:05:59,753: INFO: common: created directory at: artifacts/training]
[2024-06-28 08:05:59,886: WARNING: saving_utils: Compiled the loaded model, but the compiled metrics have yet to be built. `model.compile_metrics` will be empty until you train or evaluate the model.]
[2024-06-28 08:06:46,595: WARNING: saving_api: You are saving your model as an HDF5 file via `model.save()` or `keras.saving.save_model(model)`. This file format is considered legacy. We recommend using instead the native Keras format, e.g. `model.save('my_model.keras')` or `keras.saving.save_model(model, 'my_model.keras')`. ]
[2024-06-28 08:23:05,612: INFO: main: >>>>>> stage Data Ingestion stage started <<<<<<]
[2024-06-28 08:23:05,613: INFO: common: yaml file: config/config.yaml loaded successfully]
[2024-06-28 08:23:05,614: INFO: common: yaml file: params.yaml loaded successfully]
[2024-06-28 08:23:05,614: INFO: common: created directory at: artifacts]
[2024-06-28 08:23:05,614: INFO: common: created directory at: artifacts/data_ingestion]
[2024-06-28 08:23:05,614: INFO: data_ingestion: Downloading data from https://drive.google.com/file/d/1pHIOvfNPOHbuPT1VHv-5oJIQIBLRT1yq/view?usp=drive_link into file artifacts/data_ingestion/data.zip]
[2024-06-28 08:23:12,215: INFO: data_ingestion: Downloaded data from https://drive.google.com/file/d/1pHIOvfNPOHbuPT1VHv-5oJIQIBLRT1yq/view?usp=drive_link into file artifacts/data_ingestion/data.zip]
[2024-06-28 08:23:12,559: INFO: main: >>>>>> stage Data Ingestion stage completed <<<<<<

x==========x]
[2024-06-28 08:23:12,559: INFO: main: *******************]
[2024-06-28 08:23:12,559: INFO: main: >>>>>> stage Prepare base model started <<<<<<]
[2024-06-28 08:23:12,560: INFO: common: yaml file: config/config.yaml loaded successfully]
[2024-06-28 08:23:12,561: INFO: common: yaml file: params.yaml loaded successfully]
[2024-06-28 08:23:12,561: INFO: common: created directory at: artifacts]
[2024-06-28 08:23:12,561: INFO: common: created directory at: artifacts/prepare_base_model]
[2024-06-28 08:23:12,814: WARNING: saving_api: You are saving your model as an HDF5 file via `model.save()` or `keras.saving.save_model(model)`. This file format is considered legacy. We recommend using instead the native Keras format, e.g. `model.save('my_model.keras')` or `keras.saving.save_model(model, 'my_model.keras')`. ]
[2024-06-28 08:23:12,878: WARNING: saving_api: You are saving your model as an HDF5 file via `model.save()` or `keras.saving.save_model(model)`. This file format is considered legacy. We recommend using instead the native Keras format, e.g. `model.save('my_model.keras')` or `keras.saving.save_model(model, 'my_model.keras')`. ]
[2024-06-28 08:23:12,919: INFO: main: >>>>>> stage Prepare base model completed <<<<<<

x==========x]
[2024-06-28 08:23:12,919: INFO: main: *******************]
[2024-06-28 08:23:12,919: INFO: main: >>>>>> stage Training started <<<<<<]
[2024-06-28 08:23:12,919: INFO: common: yaml file: config/config.yaml loaded successfully]
[2024-06-28 08:23:12,920: INFO: common: yaml file: params.yaml loaded successfully]
[2024-06-28 08:23:12,920: INFO: common: created directory at: artifacts]
[2024-06-28 08:23:12,920: INFO: common: created directory at: artifacts/training]
[2024-06-28 08:23:12,920: INFO: common: created directory at: artifacts/prepare_base_model]
[2024-06-28 08:23:12,991: WARNING: saving_utils: Compiled the loaded model, but the compiled metrics have yet to be built. `model.compile_metrics` will be empty until you train or evaluate the model.]
[2024-06-28 08:23:58,460: WARNING: saving_api: You are saving your model as an HDF5 file via `model.save()` or `keras.saving.save_model(model)`. This file format is considered legacy. We recommend using instead the native Keras format, e.g. `model.save('my_model.keras')` or `keras.saving.save_model(model, 'my_model.keras')`. ]
[2024-06-28 08:23:58,502: INFO: main: >>>>>> stage Training completed <<<<<<

x==========x]
